Arguments: 
  C:\Program Files\nodejs\node.exe C:\Users\Usuario\AppData\Roaming\npm\node_modules\yarn\bin\yarn.js init

PATH: 
  C:\Users\Usuario\.cabal\bin;C:\ghcup\bin;C:\Users\Usuario\bin;D:\Git\mingw64\bin;D:\Git\usr\local\bin;D:\Git\usr\bin;D:\Git\usr\bin;D:\Git\mingw64\bin;D:\Git\usr\bin;C:\Users\Usuario\bin;C:\Python311\Scripts;C:\Python311;C:\Windows\system32;C:\Windows;C:\Windows\System32\Wbem;C:\Windows\System32\WindowsPowerShell\v1.0;C:\Windows\System32\OpenSSH;C:\Program Files (x86)\NVIDIA Corporation\PhysX\Common;C:\Program Files\NVIDIA Corporation\NVIDIA NvDLISR;C:\Program Files\dotnet;D:\Git\cmd;D:\Git\mingw64\bin;D:\Git\usr\bin;C:\msys64\mingw64\bin;D:\SMLNJ\bin;D:\swipl\bin;C:\Program Files\nodejs;C:\ProgramData\chocolatey\bin;D:\Haskell\bin;C:\Users\Usuario\AppData\Local\Microsoft\WindowsApps;D:\Microsoft VS Code\bin;C:\Users\Usuario\AppData\Roaming\npm;D:\Git\usr\bin\vendor_perl;D:\Git\usr\bin\core_perl

Yarn version: 
  1.22.19

Node version: 
  18.16.0

Platform: 
  win32 x64

Trace: 
  Error: Can't answer a question unless a user TTY
      at ConsoleReporter.question (C:\Users\Usuario\AppData\Roaming\npm\node_modules\yarn\lib\cli.js:92864:59)
      at Object.<anonymous> (C:\Users\Usuario\AppData\Roaming\npm\node_modules\yarn\lib\cli.js:85054:38)
      at Generator.next (<anonymous>)
      at step (C:\Users\Usuario\AppData\Roaming\npm\node_modules\yarn\lib\cli.js:310:30)
      at C:\Users\Usuario\AppData\Roaming\npm\node_modules\yarn\lib\cli.js:321:13

npm manifest: 
  No manifest

yarn manifest: 
  No manifest

Lockfile: 
  No lockfile
